Arguments: 
  C:\Program Files\nodejs\node.exe C:\Program Files\nodejs\node_modules\yarn\bin\yarn.js stsart

PATH: 
  C:\Program Files\Git\mingw64\bin;C:\Program Files\Git\usr\bin;C:\Users\Vale\bin;C:\ProgramData\Oracle\Java\javapath;C:\Program Files\Common Files\Microsoft Shared\Windows Live;C:\Program Files (x86)\Common Files\Microsoft Shared\Windows Live;C:\windows\system32;C:\windows;C:\windows\System32\Wbem;C:\windows\System32\WindowsPowerShell\v1.0;C:\Program Files\Lenovo\Bluetooth Software;C:\Program Files\Lenovo\Bluetooth Software\syswow64;C:\Program Files (x86)\Windows Live\Shared;C:\Program Files\Git\cmd;E:\Workspace;C:\Program Files (x86)\Skype\Phone;C:\Program Files (x86)\Windows Kits\8.1\Windows Performance Toolkit;C:\Users\Vale\AppData\Roaming\nvm;C:\Program Files\nodejs;C:\Cmder;C:\Program Files (x86)\Vim\vim80;C:\Users\Vale\AppData\Local\atom\bin;C:\cmder;C:\Python27;C:\Python27\Scripts;C:\Program Files\Java\jdk1.8.0_121\bin;E:\Workspace;C:\Users\Vale\AppData\Local\Yarn\bin;C:\Program Files\Docker Toolbox;C:\Program Files (x86)\Microsoft VS Code\bin;C:\Users\Vale\A;C:\Program Files\PuTTY;C:\Program Files (x86)\Yarn\bin;C:\ProgramData\chocolatey\bin;C:\Program Files (x86)\PDFtk\bin;C:\Cmder;C:\Program Files (x86)\Vim\vim80;C:\Users\Vale\AppData\Local\atom\bin;C:\cmder;C:\Python27;C:\Python27\Scripts;C:\Program Files\Java\jdk1.8.0_121\bin;E:\Workspace;C:\Program Files (x86)\Microsoft VS Code\bin;C:\Users\Vale\AppData\Roaming\nvm;C:\Program Files (x86)\Nmap;C:\Program Files\PostgreSQL\9.6\bin;C:\Users\Vale\AppData\Roaming\nvm;C:\Program Files\nodejs;C:\Users\Vale\AppData\Roaming\npm;C:\Program Files\Heroku\bin;C:\Program Files\Docker Toolbox;C:\Users\Vale\AppData\Local\Yarn\bin;C:\path\to\AndroidSDK\tools;C:\path\to\AndroidSDK\platform-tools;C:\Users\Vale\AppData\Local\Programs\Python\Python36-32

Yarn version: 
  1.5.1

Node version: 
  8.9.4

Platform: 
  win32 x64

npm manifest: 
  {
    "name": "@coreui/react",
    "version": "1.0.10",
    "description": "Open Source Bootstrap Admin Template",
    "author": "Łukasz Holeczek",
    "homepage": "http://coreui.io",
    "copyright": "Copyright 2018 creativeLabs Łukasz Holeczek",
    "license": "MIT",
    "private": true,
    "devDependencies": {
      "babel-cli": "^6.26.0",
      "babel-core": "6.26.0",
      "babel-jest": "^22.4.3",
      "babel-loader": "7.1.2",
      "babel-plugin-transform-async-to-generator": "^6.24.1",
      "babel-plugin-transform-class-properties": "^6.24.1",
      "babel-plugin-transform-object-rest-spread": "6.26.0",
      "babel-polyfill": "^6.26.0",
      "babel-preset-env": "1.6.1",
      "babel-preset-es2017": "^6.24.1",
      "babel-preset-react": "6.24.1",
      "babel-preset-stage-2": "^6.24.1",
      "copy-webpack-plugin": "4.3.1",
      "css-hot-loader": "1.3.6",
      "css-loader": "0.28.9",
      "eslint": "^4.18.2",
      "eslint-config-airbnb": "^16.1.0",
      "eslint-plugin-import": "^2.9.0",
      "eslint-plugin-jsx-a11y": "^6.0.3",
      "eslint-plugin-prettier": "^2.6.0",
      "eslint-plugin-react": "^7.7.0",
      "extract-text-webpack-plugin": "3.0.2",
      "file-loader": "1.1.6",
      "html-loader": "0.5.5",
      "html-webpack-plugin": "2.30.1",
      "jest": "^22.4.3",
      "node-sass": "4.7.2",
      "prettier": "^1.11.1",
      "rimraf": "2.6.2",
      "sass-loader": "6.0.6",
      "source-list-map": "2.0.0",
      "style-loader": "0.20.1",
      "uglify-js": "3.3.9",
      "url-loader": "0.6.2",
      "webpack": "3.10.0",
      "webpack-dev-server": "2.11.1"
    },
    "dependencies": {
      "apollo-boost": "^0.1.4",
      "apollo-cache-inmemory": "^1.1.12",
      "apollo-client": "^2.2.8",
      "apollo-link-context": "^1.0.8",
      "apollo-link-http": "^1.5.4",
      "bootstrap": "4.0.0",
      "chart.js": "2.7.1",
      "flag-icon-css": "2.9.0",
      "font-awesome": "4.7.0",
      "graphql": "^0.13.2",
      "graphql-tag": "^2.8.0",
      "history": "^4.7.2",
      "react": "16.2.0",
      "react-apollo": "^2.1.3",
      "react-chartjs-2": "2.7.0",
      "react-dom": "16.2.0",
      "react-redux": "^5.0.7",
      "react-router-dom": "4.2.2",
      "react-router-redux": "^4.0.8",
      "react-toastify": "^4.0.0-rc.2",
      "react-transition-group": "2.2.1",
      "reactstrap": "5.0.0-beta",
      "recompose": "^0.26.0",
      "redux": "^3.7.2",
      "redux-logger": "^3.0.6",
      "redux-thunk": "^2.2.0",
      "simple-line-icons": "2.4.1"
    },
    "scripts": {
      "lint": "eslint .",
      "dev": "webpack -d --progress --watch --profile --json > compilation-stats.json --env.dev",
      "start": "webpack-dev-server --progress --color --inline --env.dev",
      "build": "webpack -p --progress --env.prod",
      "clean": "rimraf ./build",
      "prettier": "prettier --single-quote --trailing-comma es5 --write src/**/*.js && prettier --single-quote --trailing-comma es5 --write test/**/*.js "
    },
    "engines": {
      "node": ">= 8.9.4",
      "npm": ">= 5.6.0"
    }
  }

yarn manifest: 
  No manifest

Lockfile: 
  No lockfile

Trace: 
  Error: Command "stsart" not found. Did you mean "start"?
      at new MessageError (C:\Users\Vale\AppData\Roaming\nvm\v8.9.4\node_modules\yarn\lib\cli.js:186:110)
      at C:\Users\Vale\AppData\Roaming\nvm\v8.9.4\node_modules\yarn\lib\cli.js:87307:17
      at Generator.next (<anonymous>)
      at step (C:\Users\Vale\AppData\Roaming\nvm\v8.9.4\node_modules\yarn\lib\cli.js:98:30)
      at C:\Users\Vale\AppData\Roaming\nvm\v8.9.4\node_modules\yarn\lib\cli.js:116:14
      at new Promise (<anonymous>)
      at new F (C:\Users\Vale\AppData\Roaming\nvm\v8.9.4\node_modules\yarn\lib\cli.js:23451:28)
      at C:\Users\Vale\AppData\Roaming\nvm\v8.9.4\node_modules\yarn\lib\cli.js:95:12
      at runCommand (C:\Users\Vale\AppData\Roaming\nvm\v8.9.4\node_modules\yarn\lib\cli.js:87312:22)
      at Object.<anonymous> (C:\Users\Vale\AppData\Roaming\nvm\v8.9.4\node_modules\yarn\lib\cli.js:87412:14)
